  Body.cpp
  Button.cpp
  Character.cpp
C:\Users\owner\Documents\GitHub\GAME307-AI\GAME307_StudentTemplate\Character.cpp(10,21): warning C4305: 'initializing': truncation from 'double' to 'float'
C:\Users\owner\Documents\GitHub\GAME307-AI\GAME307_StudentTemplate\Character.cpp(104,20): warning C4244: 'initializing': conversion from 'double' to 'float', possible loss of data
  CreditsMenuScreen.cpp
  Flee.cpp
  GameManager.cpp
  Graph.cpp
  KinematicArrive.cpp
  KinematicSeek.cpp
  KinematicSteeringOutput.cpp
  Main.cpp
  MainMenuScreen.cpp
  MMath.cpp
  PlayerBody.cpp
  Scene1.cpp
C:\Users\owner\Documents\GitHub\GAME307-AI\GAME307_StudentTemplate\Scene1.cpp(160,20): warning C4244: 'initializing': conversion from 'double' to 'float', possible loss of data
C:\Users\owner\Documents\GitHub\GAME307-AI\GAME307_StudentTemplate\Scene1.cpp(176,21): warning C4244: 'initializing': conversion from 'double' to 'float', possible loss of data
  Scene2.cpp
C:\Users\owner\Documents\GitHub\GAME307-AI\GAME307_StudentTemplate\Scene2.cpp(27,11): warning C4244: 'initializing': conversion from 'float' to 'int', possible loss of data
C:\Users\owner\Documents\GitHub\GAME307-AI\GAME307_StudentTemplate\Scene2.cpp(28,11): warning C4244: 'initializing': conversion from 'float' to 'int', possible loss of data
C:\Users\owner\Documents\GitHub\GAME307-AI\GAME307_StudentTemplate\Scene2.cpp(126,20): warning C4018: '<': signed/unsigned mismatch
C:\Users\owner\Documents\GitHub\GAME307-AI\GAME307_StudentTemplate\Scene2.cpp(128,21): warning C4018: '<': signed/unsigned mismatch
  Seek.cpp
  StaticBody.cpp
  SteeringBehaviour.cpp
  KinematicBody.cpp
  Generating Code...
  Compiling...
  SteeringOutput.cpp
  Tile.cpp
  Timer.cpp
  VMath.cpp
  Window.cpp
  Generating Code...
  GAME307_StudentTemplate.vcxproj -> C:\Users\owner\Documents\GitHub\GAME307-AI\Debug\GAME307_StudentTemplate.exe
