c:\users\tyler\desktop\semester five\game 307 - artificial intelligence (gail harris)\game307_studenttemplate\game307_studenttemplate\debug\vc143.pdb
c:\users\tyler\desktop\semester five\game 307 - artificial intelligence (gail harris)\game307_studenttemplate\game307_studenttemplate\debug\vc143.idb
c:\users\owner\documents\github\game307-ai\game307_studenttemplate\debug\vc143.pdb
c:\users\owner\documents\github\game307-ai\game307_studenttemplate\debug\vc143.idb
c:\users\owner\documents\github\game307-ai\game307_studenttemplate\debug\timer.obj
c:\users\owner\documents\github\game307-ai\game307_studenttemplate\debug\tile.obj
c:\users\owner\documents\github\game307-ai\game307_studenttemplate\debug\steeringoutput.obj
c:\users\owner\documents\github\game307-ai\game307_studenttemplate\debug\kinematicbody.obj
c:\users\owner\documents\github\game307-ai\game307_studenttemplate\debug\steeringbehaviour.obj
c:\users\owner\documents\github\game307-ai\game307_studenttemplate\debug\staticbody.obj
c:\users\owner\documents\github\game307-ai\game307_studenttemplate\debug\seek.obj
c:\users\owner\documents\github\game307-ai\game307_studenttemplate\debug\scene2.obj
c:\users\owner\documents\github\game307-ai\game307_studenttemplate\debug\scene1.obj
c:\users\owner\documents\github\game307-ai\game307_studenttemplate\debug\playerbody.obj
c:\users\owner\documents\github\game307-ai\game307_studenttemplate\debug\mmath.obj
c:\users\owner\documents\github\game307-ai\game307_studenttemplate\debug\main.obj
c:\users\owner\documents\github\game307-ai\game307_studenttemplate\debug\kinematicsteeringoutput.obj
c:\users\owner\documents\github\game307-ai\game307_studenttemplate\debug\kinematicseek.obj
c:\users\owner\documents\github\game307-ai\game307_studenttemplate\debug\kinematicarrive.obj
c:\users\owner\documents\github\game307-ai\game307_studenttemplate\debug\graph.obj
c:\users\owner\documents\github\game307-ai\game307_studenttemplate\debug\gamemanager.obj
c:\users\owner\documents\github\game307-ai\game307_studenttemplate\debug\flee.obj
c:\users\owner\documents\github\game307-ai\game307_studenttemplate\debug\character.obj
c:\users\owner\documents\github\game307-ai\game307_studenttemplate\debug\body.obj
c:\users\owner\documents\github\game307-ai\game307_studenttemplate\debug\window.obj
c:\users\owner\documents\github\game307-ai\game307_studenttemplate\debug\vmath.obj
c:\users\owner\documents\github\game307-ai\game307_studenttemplate\debug\mainmenuscreen.obj
c:\users\owner\documents\github\game307-ai\game307_studenttemplate\debug\button.obj
c:\users\owner\documents\github\game307-ai\game307_studenttemplate\debug\creditsmenuscreen.obj
c:\users\owner\documents\github\game307-ai\debug\game307_studenttemplate.exe
c:\users\owner\documents\github\game307-ai\game307_studenttemplate\debug\game307_studenttemplate.ilk
c:\users\owner\documents\github\game307-ai\debug\game307_studenttemplate.pdb
c:\users\owner\documents\github\game307-ai\game307_studenttemplate\debug\align.obj
c:\users\owner\documents\github\game307-ai\game307_studenttemplate\debug\arrive.obj
c:\users\owner\documents\github\game307-ai\game307_studenttemplate\debug\kinematic.obj
c:\users\owner\documents\github\game307-ai\game307_studenttemplate\debug\velocitymatch.obj
c:\users\owner\documents\github\game307-ai\game307_studenttemplate\debug\character.obj.enc
c:\users\owner\documents\github\game307-ai\game307_studenttemplate\debug\gamemanager.obj.enc
c:\users\owner\documents\github\game307-ai\game307_studenttemplate\debug\scene1.obj.enc
c:\users\owner\documents\github\game307-ai\game307_studenttemplate\debug\seek.obj.enc
c:\users\owner\documents\github\game307-ai\game307_studenttemplate\debug\game307_.43aaaf36.tlog\cl.command.1.tlog
c:\users\owner\documents\github\game307-ai\game307_studenttemplate\debug\game307_.43aaaf36.tlog\cl.read.1.tlog
c:\users\owner\documents\github\game307-ai\game307_studenttemplate\debug\game307_.43aaaf36.tlog\cl.write.1.tlog
c:\users\owner\documents\github\game307-ai\game307_studenttemplate\debug\game307_.43aaaf36.tlog\link.command.1.tlog
c:\users\owner\documents\github\game307-ai\game307_studenttemplate\debug\game307_.43aaaf36.tlog\link.read.1.tlog
c:\users\owner\documents\github\game307-ai\game307_studenttemplate\debug\game307_.43aaaf36.tlog\link.write.1.tlog
